  glad.c
  TileIso.cpp
c:\users\rossanaqueiroz.asav\downloads\hellotextures - stb - tilesiso - tilesrandomicos - copia\hellotriangle\tileiso.cpp(8): warning C4244: '=': conversão de 'double' para 'float', possível perda de dados
c:\users\rossanaqueiroz.asav\downloads\hellotextures - stb - tilesiso - tilesrandomicos - copia\hellotriangle\tileiso.cpp(9): warning C4244: '=': conversão de 'double' para 'float', possível perda de dados
c:\users\rossanaqueiroz.asav\downloads\hellotextures - stb - tilesiso - tilesrandomicos - copia\hellotriangle\tileiso.cpp(10): warning C4244: '=': conversão de 'double' para 'float', possível perda de dados
c:\users\rossanaqueiroz.asav\downloads\hellotextures - stb - tilesiso - tilesrandomicos - copia\hellotriangle\tileiso.cpp(30): warning C4838: a conversão de 'double' em 'float' requer uma conversão de restrição
c:\users\rossanaqueiroz.asav\downloads\hellotextures - stb - tilesiso - tilesrandomicos - copia\hellotriangle\tileiso.cpp(30): warning C4244: 'inicializando': conversão de 'double' para 'float', possível perda de dados
  stb_image.cpp
  Source.cpp
  SceneManager.cpp
c:\users\rossanaqueiroz.asav\downloads\hellotextures - stb - tilesiso - tilesrandomicos - copia\hellotriangle\scenemanager.cpp(158): warning C4305: 'argumento': truncamento de 'double' para 'float'
c:\users\rossanaqueiroz.asav\downloads\hellotextures - stb - tilesiso - tilesrandomicos - copia\hellotriangle\scenemanager.cpp(162): warning C4305: 'argumento': truncamento de 'double' para 'float'
  Gerando Código...
SceneManager.obj : error LNK2019: símbolo externo indefinido glfwInit referenciado na função "public: void __cdecl SceneManager::initializeGraphics(void)" (?initializeGraphics@SceneManager@@QEAAXXZ)
SceneManager.obj : error LNK2019: símbolo externo indefinido glfwTerminate referenciado na função "public: void __cdecl SceneManager::finish(void)" (?finish@SceneManager@@QEAAXXZ)
SceneManager.obj : error LNK2019: símbolo externo indefinido glfwCreateWindow referenciado na função "public: void __cdecl SceneManager::initializeGraphics(void)" (?initializeGraphics@SceneManager@@QEAAXXZ)
SceneManager.obj : error LNK2019: símbolo externo indefinido glfwWindowShouldClose referenciado na função "public: void __cdecl SceneManager::run(void)" (?run@SceneManager@@QEAAXXZ)
SceneManager.obj : error LNK2019: símbolo externo indefinido glfwSetWindowShouldClose referenciado na função "public: void __cdecl SceneManager::do_movement(void)" (?do_movement@SceneManager@@QEAAXXZ)
SceneManager.obj : error LNK2019: símbolo externo indefinido glfwSetWindowSizeCallback referenciado na função "public: void __cdecl SceneManager::initializeGraphics(void)" (?initializeGraphics@SceneManager@@QEAAXXZ)
SceneManager.obj : error LNK2019: símbolo externo indefinido glfwPollEvents referenciado na função "public: void __cdecl SceneManager::run(void)" (?run@SceneManager@@QEAAXXZ)
SceneManager.obj : error LNK2019: símbolo externo indefinido glfwSetKeyCallback referenciado na função "public: void __cdecl SceneManager::initializeGraphics(void)" (?initializeGraphics@SceneManager@@QEAAXXZ)
SceneManager.obj : error LNK2019: símbolo externo indefinido glfwMakeContextCurrent referenciado na função "public: void __cdecl SceneManager::initializeGraphics(void)" (?initializeGraphics@SceneManager@@QEAAXXZ)
SceneManager.obj : error LNK2019: símbolo externo indefinido glfwSwapBuffers referenciado na função "public: void __cdecl SceneManager::run(void)" (?run@SceneManager@@QEAAXXZ)
SceneManager.obj : error LNK2019: símbolo externo indefinido glfwGetProcAddress referenciado na função "public: void __cdecl SceneManager::initializeGraphics(void)" (?initializeGraphics@SceneManager@@QEAAXXZ)
../../dependencies/GLEW-2.0.0-lib/lib\glew32.lib : warning LNK4272: o tipo de máquina da biblioteca 'x86' está em conflito com o tipo de máquina de destino 'x64'
../../dependencies/GLFW-3.1.2-lib/lib\glfw3.lib : warning LNK4272: o tipo de máquina da biblioteca 'x86' está em conflito com o tipo de máquina de destino 'x64'
C:\Users\rossanaqueiroz.ASAV\Downloads\HelloTextures - STB - TilesIso - TilesRandomicos - Copia\x64\Debug\Transforms.exe : fatal error LNK1120: 11 externo não resolvidos
