c:\users\rossanaqueiroz.asav\downloads\hellotextures - stb - tilesiso -tilesrandomicos!\hellotriangle\x64\debug\vc141.pdb
c:\users\rossanaqueiroz.asav\downloads\hellotextures - stb - tilesiso -tilesrandomicos!\hellotriangle\x64\debug\vc141.idb
c:\users\rossanaqueiroz.asav\downloads\hellotextures - stb - tilesiso - tilesrandomicos - copia\hellotriangle\x64\debug\vc141.pdb
c:\users\rossanaqueiroz.asav\downloads\hellotextures - stb - tilesiso - tilesrandomicos - copia\hellotriangle\x64\debug\vc141.idb
c:\users\rossanaqueiroz.asav\downloads\hellotextures - stb - tilesiso - tilesrandomicos - copia\hellotriangle\x64\debug\glad.obj
c:\users\rossanaqueiroz.asav\downloads\hellotextures - stb - tilesiso - tilesrandomicos - copia\hellotriangle\x64\debug\scenemanager.obj
c:\users\rossanaqueiroz.asav\downloads\hellotextures - stb - tilesiso - tilesrandomicos - copia\hellotriangle\x64\debug\source.obj
c:\users\rossanaqueiroz.asav\downloads\hellotextures - stb - tilesiso - tilesrandomicos - copia\hellotriangle\x64\debug\stb_image.obj
c:\users\rossanaqueiroz.asav\downloads\hellotextures - stb - tilesiso - tilesrandomicos - copia\hellotriangle\x64\debug\tileiso.obj
c:\users\rossanaqueiroz.asav\downloads\hellotextures - stb - tilesiso - tilesrandomicos - copia\x64\debug\transforms.pdb
c:\users\rossanaqueiroz.asav\downloads\hellotextures - stb - tilesiso - tilesrandomicos - copia\hellotriangle\x64\debug\transforms.tlog\cl.command.1.tlog
c:\users\rossanaqueiroz.asav\downloads\hellotextures - stb - tilesiso - tilesrandomicos - copia\hellotriangle\x64\debug\transforms.tlog\cl.read.1.tlog
c:\users\rossanaqueiroz.asav\downloads\hellotextures - stb - tilesiso - tilesrandomicos - copia\hellotriangle\x64\debug\transforms.tlog\cl.write.1.tlog
c:\users\rossanaqueiroz.asav\downloads\hellotextures - stb - tilesiso - tilesrandomicos - copia\hellotriangle\x64\debug\transforms.tlog\link-cvtres.read.1.tlog
c:\users\rossanaqueiroz.asav\downloads\hellotextures - stb - tilesiso - tilesrandomicos - copia\hellotriangle\x64\debug\transforms.tlog\link-cvtres.write.1.tlog
c:\users\rossanaqueiroz.asav\downloads\hellotextures - stb - tilesiso - tilesrandomicos - copia\hellotriangle\x64\debug\transforms.tlog\link-rc.read.1.tlog
c:\users\rossanaqueiroz.asav\downloads\hellotextures - stb - tilesiso - tilesrandomicos - copia\hellotriangle\x64\debug\transforms.tlog\link-rc.write.1.tlog
c:\users\rossanaqueiroz.asav\downloads\hellotextures - stb - tilesiso - tilesrandomicos - copia\hellotriangle\x64\debug\transforms.tlog\link.command.1.tlog
c:\users\rossanaqueiroz.asav\downloads\hellotextures - stb - tilesiso - tilesrandomicos - copia\hellotriangle\x64\debug\transforms.tlog\link.read.1.tlog
c:\users\rossanaqueiroz.asav\downloads\hellotextures - stb - tilesiso - tilesrandomicos - copia\hellotriangle\x64\debug\transforms.tlog\link.write.1.tlog
