C:\Program Files (x86)\Microsoft Visual Studio\2017\Professional\Common7\IDE\VC\VCTargets\Microsoft.CppBuild.targets(387,5): warning MSB8028: The intermediate directory (Debug\) contains files shared from another project (HelloTriangle.vcxproj).  This can lead to incorrect clean and rebuild behavior.
  glad.c
  TileIso.cpp
c:\users\rossanaqueiroz.asav\downloads\hellotextures - stb - tilesiso - tilesrandomicos\hellotriangle\tileiso.cpp(8): warning C4244: '=': conversão de 'double' para 'float', possível perda de dados
c:\users\rossanaqueiroz.asav\downloads\hellotextures - stb - tilesiso - tilesrandomicos\hellotriangle\tileiso.cpp(9): warning C4244: '=': conversão de 'double' para 'float', possível perda de dados
c:\users\rossanaqueiroz.asav\downloads\hellotextures - stb - tilesiso - tilesrandomicos\hellotriangle\tileiso.cpp(10): warning C4244: '=': conversão de 'double' para 'float', possível perda de dados
c:\users\rossanaqueiroz.asav\downloads\hellotextures - stb - tilesiso - tilesrandomicos\hellotriangle\tileiso.cpp(30): warning C4838: a conversão de 'double' em 'float' requer uma conversão de restrição
c:\users\rossanaqueiroz.asav\downloads\hellotextures - stb - tilesiso - tilesrandomicos\hellotriangle\tileiso.cpp(30): warning C4244: 'inicializando': conversão de 'double' para 'float', possível perda de dados
  stb_image.cpp
  Source.cpp
  SceneManager.cpp
c:\users\rossanaqueiroz.asav\downloads\hellotextures - stb - tilesiso - tilesrandomicos\hellotriangle\scenemanager.cpp(158): warning C4305: 'argumento': truncamento de 'double' para 'float'
c:\users\rossanaqueiroz.asav\downloads\hellotextures - stb - tilesiso - tilesrandomicos\hellotriangle\scenemanager.cpp(162): warning C4305: 'argumento': truncamento de 'double' para 'float'
  Gerando Código...
glfw3.lib(context.obj) : warning LNK4099: PDB 'glfw.pdb' não foi encontrado 'glfw3.lib(context.obj)' ou no 'C:\Users\rossanaqueiroz.ASAV\Downloads\HelloTextures - STB - TilesIso - TilesRandomicos\Debug\glfw.pdb'; vinculando objeto quando quando sem nenhuma informação de depuração
glfw3.lib(init.obj) : warning LNK4099: PDB 'glfw.pdb' não foi encontrado 'glfw3.lib(init.obj)' ou no 'C:\Users\rossanaqueiroz.ASAV\Downloads\HelloTextures - STB - TilesIso - TilesRandomicos\Debug\glfw.pdb'; vinculando objeto quando quando sem nenhuma informação de depuração
glfw3.lib(input.obj) : warning LNK4099: PDB 'glfw.pdb' não foi encontrado 'glfw3.lib(input.obj)' ou no 'C:\Users\rossanaqueiroz.ASAV\Downloads\HelloTextures - STB - TilesIso - TilesRandomicos\Debug\glfw.pdb'; vinculando objeto quando quando sem nenhuma informação de depuração
glfw3.lib(monitor.obj) : warning LNK4099: PDB 'glfw.pdb' não foi encontrado 'glfw3.lib(monitor.obj)' ou no 'C:\Users\rossanaqueiroz.ASAV\Downloads\HelloTextures - STB - TilesIso - TilesRandomicos\Debug\glfw.pdb'; vinculando objeto quando quando sem nenhuma informação de depuração
glfw3.lib(window.obj) : warning LNK4099: PDB 'glfw.pdb' não foi encontrado 'glfw3.lib(window.obj)' ou no 'C:\Users\rossanaqueiroz.ASAV\Downloads\HelloTextures - STB - TilesIso - TilesRandomicos\Debug\glfw.pdb'; vinculando objeto quando quando sem nenhuma informação de depuração
glfw3.lib(win32_init.obj) : warning LNK4099: PDB 'glfw.pdb' não foi encontrado 'glfw3.lib(win32_init.obj)' ou no 'C:\Users\rossanaqueiroz.ASAV\Downloads\HelloTextures - STB - TilesIso - TilesRandomicos\Debug\glfw.pdb'; vinculando objeto quando quando sem nenhuma informação de depuração
glfw3.lib(win32_monitor.obj) : warning LNK4099: PDB 'glfw.pdb' não foi encontrado 'glfw3.lib(win32_monitor.obj)' ou no 'C:\Users\rossanaqueiroz.ASAV\Downloads\HelloTextures - STB - TilesIso - TilesRandomicos\Debug\glfw.pdb'; vinculando objeto quando quando sem nenhuma informação de depuração
glfw3.lib(win32_time.obj) : warning LNK4099: PDB 'glfw.pdb' não foi encontrado 'glfw3.lib(win32_time.obj)' ou no 'C:\Users\rossanaqueiroz.ASAV\Downloads\HelloTextures - STB - TilesIso - TilesRandomicos\Debug\glfw.pdb'; vinculando objeto quando quando sem nenhuma informação de depuração
glfw3.lib(win32_tls.obj) : warning LNK4099: PDB 'glfw.pdb' não foi encontrado 'glfw3.lib(win32_tls.obj)' ou no 'C:\Users\rossanaqueiroz.ASAV\Downloads\HelloTextures - STB - TilesIso - TilesRandomicos\Debug\glfw.pdb'; vinculando objeto quando quando sem nenhuma informação de depuração
glfw3.lib(win32_window.obj) : warning LNK4099: PDB 'glfw.pdb' não foi encontrado 'glfw3.lib(win32_window.obj)' ou no 'C:\Users\rossanaqueiroz.ASAV\Downloads\HelloTextures - STB - TilesIso - TilesRandomicos\Debug\glfw.pdb'; vinculando objeto quando quando sem nenhuma informação de depuração
glfw3.lib(winmm_joystick.obj) : warning LNK4099: PDB 'glfw.pdb' não foi encontrado 'glfw3.lib(winmm_joystick.obj)' ou no 'C:\Users\rossanaqueiroz.ASAV\Downloads\HelloTextures - STB - TilesIso - TilesRandomicos\Debug\glfw.pdb'; vinculando objeto quando quando sem nenhuma informação de depuração
glfw3.lib(wgl_context.obj) : warning LNK4099: PDB 'glfw.pdb' não foi encontrado 'glfw3.lib(wgl_context.obj)' ou no 'C:\Users\rossanaqueiroz.ASAV\Downloads\HelloTextures - STB - TilesIso - TilesRandomicos\Debug\glfw.pdb'; vinculando objeto quando quando sem nenhuma informação de depuração
  HelloTriangle.vcxproj -> C:\Users\rossanaqueiroz.ASAV\Downloads\HelloTextures - STB - TilesIso - TilesRandomicos\Debug\Transforms.exe
  HelloTriangle.vcxproj -> C:\Users\rossanaqueiroz.ASAV\Downloads\HelloTextures - STB - TilesIso - TilesRandomicos\Debug\Transforms.pdb (Partial PDB)
