c:\users\rossanaqueiroz.asav\downloads\hellotextures - stb - tilesiso - copia\hellotriangle\debug\vc141.pdb
c:\users\rossanaqueiroz.asav\downloads\hellotextures - stb - tilesiso - tilesrandomicos - copia\hellotriangle\debug\vc141.pdb
c:\users\rossanaqueiroz.asav\downloads\hellotextures - stb - tilesiso - tilesrandomicos - copia\hellotriangle\debug\vc141.idb
c:\users\rossanaqueiroz.asav\downloads\hellotextures - stb - tilesiso - tilesrandomicos - copia\hellotriangle\debug\glad.obj
c:\users\rossanaqueiroz.asav\downloads\hellotextures - stb - tilesiso - tilesrandomicos - copia\hellotriangle\debug\scenemanager.obj
c:\users\rossanaqueiroz.asav\downloads\hellotextures - stb - tilesiso - tilesrandomicos - copia\hellotriangle\debug\source.obj
c:\users\rossanaqueiroz.asav\downloads\hellotextures - stb - tilesiso - tilesrandomicos - copia\hellotriangle\debug\stb_image.obj
c:\users\rossanaqueiroz.asav\downloads\hellotextures - stb - tilesiso - tilesrandomicos - copia\hellotriangle\debug\tileiso.obj
c:\users\rossanaqueiroz.asav\downloads\hellotextures - stb - tilesiso - copia\debug\transforms.ilk
c:\users\rossanaqueiroz.asav\downloads\hellotextures - stb - tilesiso - copia\debug\transforms.exe
c:\users\rossanaqueiroz.asav\downloads\hellotextures - stb - tilesiso - copia\debug\transforms.pdb
c:\users\rossanaqueiroz.asav\downloads\hellotextures - stb - tilesiso - tilesrandomicos - copia\debug\transforms.exe
c:\users\rossanaqueiroz.asav\downloads\hellotextures - stb - tilesiso - tilesrandomicos - copia\debug\transforms.ilk
c:\users\rossanaqueiroz.asav\downloads\hellotextures - stb - tilesiso - tilesrandomicos - copia\debug\transforms.pdb
c:\users\rossanaqueiroz.asav\downloads\hellotextures - stb - tilesiso - tilesrandomicos - copia\hellotriangle\debug\transforms.tlog\cl.command.1.tlog
c:\users\rossanaqueiroz.asav\downloads\hellotextures - stb - tilesiso - tilesrandomicos - copia\hellotriangle\debug\transforms.tlog\cl.read.1.tlog
c:\users\rossanaqueiroz.asav\downloads\hellotextures - stb - tilesiso - tilesrandomicos - copia\hellotriangle\debug\transforms.tlog\cl.write.1.tlog
c:\users\rossanaqueiroz.asav\downloads\hellotextures - stb - tilesiso - tilesrandomicos - copia\hellotriangle\debug\transforms.tlog\link.command.1.tlog
c:\users\rossanaqueiroz.asav\downloads\hellotextures - stb - tilesiso - tilesrandomicos - copia\hellotriangle\debug\transforms.tlog\link.read.1.tlog
c:\users\rossanaqueiroz.asav\downloads\hellotextures - stb - tilesiso - tilesrandomicos - copia\hellotriangle\debug\transforms.tlog\link.write.1.tlog
